{"D:\\Workspace\\my-react-app\\src\\App.tsx": {"path":"D:\\Workspace\\my-react-app\\src\\App.tsx","statementMap":{"0":{"start":{"line":1,"column":0},"end":{"line":1,"column":34}},"1":{"start":{"line":2,"column":0},"end":{"line":2,"column":19}},"2":{"start":{"line":3,"column":0},"end":{"line":3,"column":45}},"3":{"start":{"line":5,"column":18},"end":{"line":5,"column":28}},"4":{"start":{"line":7,"column":12},"end":{"line":14,"column":1}},"5":{"start":{"line":8,"column":2},"end":{"line":13,"column":4}},"6":{"start":{"line":16,"column":0},"end":{"line":16,"column":19}}},"fnMap":{"0":{"name":"(anonymous_0)","decl":{"start":{"line":7,"column":12},"end":{"line":7,"column":15}},"loc":{"start":{"line":7,"column":17},"end":{"line":14,"column":1}}}},"branchMap":{},"s":{"0":1,"1":1,"2":1,"3":1,"4":1,"5":1,"6":1},"f":{"0":1},"b":{}}
,"D:\\Workspace\\my-react-app\\src\\components\\PostCard\\PostCard.tsx": {"path":"D:\\Workspace\\my-react-app\\src\\components\\PostCard\\PostCard.tsx","statementMap":{"0":{"start":{"line":1,"column":0},"end":{"line":1,"column":65}},"1":{"start":{"line":2,"column":0},"end":{"line":2,"column":52}},"2":{"start":{"line":4,"column":0},"end":{"line":4,"column":24}},"3":{"start":{"line":5,"column":0},"end":{"line":5,"column":33}},"4":{"start":{"line":6,"column":0},"end":{"line":6,"column":49}},"5":{"start":{"line":15,"column":22},"end":{"line":15,"column":32}},"6":{"start":{"line":17,"column":42},"end":{"line":62,"column":1}},"7":{"start":{"line":18,"column":68},"end":{"line":18,"column":73}},"8":{"start":{"line":19,"column":34},"end":{"line":19,"column":49}},"9":{"start":{"line":21,"column":54},"end":{"line":21,"column":69}},"10":{"start":{"line":23,"column":30},"end":{"line":26,"column":3}},"11":{"start":{"line":24,"column":4},"end":{"line":24,"column":36}},"12":{"start":{"line":25,"column":4},"end":{"line":25,"column":42}},"13":{"start":{"line":28,"column":2},"end":{"line":61,"column":4}},"14":{"start":{"line":34,"column":48},"end":{"line":34,"column":68}},"15":{"start":{"line":53,"column":42},"end":{"line":53,"column":78}},"16":{"start":{"line":54,"column":33},"end":{"line":54,"column":59}},"17":{"start":{"line":64,"column":0},"end":{"line":64,"column":24}}},"fnMap":{"0":{"name":"(anonymous_0)","decl":{"start":{"line":17,"column":42},"end":{"line":17,"column":43}},"loc":{"start":{"line":17,"column":52},"end":{"line":62,"column":1}}},"1":{"name":"(anonymous_1)","decl":{"start":{"line":23,"column":30},"end":{"line":23,"column":35}},"loc":{"start":{"line":23,"column":41},"end":{"line":26,"column":3}}},"2":{"name":"(anonymous_2)","decl":{"start":{"line":34,"column":42},"end":{"line":34,"column":45}},"loc":{"start":{"line":34,"column":48},"end":{"line":34,"column":68}}},"3":{"name":"(anonymous_3)","decl":{"start":{"line":53,"column":18},"end":{"line":53,"column":19}},"loc":{"start":{"line":53,"column":42},"end":{"line":53,"column":78}}},"4":{"name":"(anonymous_4)","decl":{"start":{"line":54,"column":20},"end":{"line":54,"column":21}},"loc":{"start":{"line":54,"column":33},"end":{"line":54,"column":59}}}},"branchMap":{"0":{"loc":{"start":{"line":53,"column":42},"end":{"line":53,"column":78}},"type":"cond-expr","locations":[{"start":{"line":53,"column":53},"end":{"line":53,"column":64}},{"start":{"line":53,"column":67},"end":{"line":53,"column":78}}]}},"s":{"0":1,"1":1,"2":1,"3":1,"4":1,"5":1,"6":1,"7":2,"8":2,"9":2,"10":2,"11":0,"12":0,"13":2,"14":0,"15":0,"16":0,"17":1},"f":{"0":2,"1":0,"2":0,"3":0,"4":0},"b":{"0":[0,0]}}
,"D:\\Workspace\\my-react-app\\src\\components\\PostCard\\index.tsx": {"path":"D:\\Workspace\\my-react-app\\src\\components\\PostCard\\index.tsx","statementMap":{"0":{"start":{"line":1,"column":0},"end":{"line":1,"column":8}},"1":{"start":{"line":1,"column":8},"end":{"line":1,"column":34}}},"fnMap":{"0":{"name":"(anonymous_0)","decl":{"start":{"line":1,"column":8},"end":{"line":1,"column":15}},"loc":{"start":{"line":1,"column":8},"end":{"line":1,"column":34}}}},"branchMap":{},"s":{"0":1,"1":3},"f":{"0":2},"b":{}}
,"D:\\Workspace\\my-react-app\\src\\components\\PostForm\\PostForm.tsx": {"path":"D:\\Workspace\\my-react-app\\src\\components\\PostForm\\PostForm.tsx","statementMap":{"0":{"start":{"line":1,"column":0},"end":{"line":1,"column":60}},"1":{"start":{"line":3,"column":0},"end":{"line":3,"column":34}},"2":{"start":{"line":4,"column":0},"end":{"line":4,"column":61}},"3":{"start":{"line":12,"column":42},"end":{"line":98,"column":1}},"4":{"start":{"line":13,"column":17},"end":{"line":13,"column":31}},"5":{"start":{"line":14,"column":62},"end":{"line":14,"column":67}},"6":{"start":{"line":16,"column":38},"end":{"line":16,"column":50}},"7":{"start":{"line":17,"column":37},"end":{"line":17,"column":52}},"8":{"start":{"line":20,"column":2},"end":{"line":28,"column":29}},"9":{"start":{"line":21,"column":4},"end":{"line":27,"column":5}},"10":{"start":{"line":22,"column":32},"end":{"line":25,"column":8}},"11":{"start":{"line":26,"column":6},"end":{"line":26,"column":45}},"12":{"start":{"line":30,"column":68},"end":{"line":42,"column":3}},"13":{"start":{"line":33,"column":4},"end":{"line":39,"column":5}},"14":{"start":{"line":34,"column":6},"end":{"line":34,"column":52}},"15":{"start":{"line":35,"column":6},"end":{"line":35,"column":54}},"16":{"start":{"line":37,"column":6},"end":{"line":37,"column":33}},"17":{"start":{"line":38,"column":6},"end":{"line":38,"column":60}},"18":{"start":{"line":41,"column":4},"end":{"line":41,"column":57}},"19":{"start":{"line":44,"column":2},"end":{"line":97,"column":4}},"20":{"start":{"line":100,"column":0},"end":{"line":100,"column":24}}},"fnMap":{"0":{"name":"(anonymous_0)","decl":{"start":{"line":12,"column":42},"end":{"line":12,"column":43}},"loc":{"start":{"line":12,"column":52},"end":{"line":98,"column":1}}},"1":{"name":"(anonymous_1)","decl":{"start":{"line":20,"column":12},"end":{"line":20,"column":15}},"loc":{"start":{"line":20,"column":17},"end":{"line":28,"column":3}}},"2":{"name":"(anonymous_2)","decl":{"start":{"line":30,"column":68},"end":{"line":30,"column":73}},"loc":{"start":{"line":32,"column":6},"end":{"line":42,"column":3}}}},"branchMap":{"0":{"loc":{"start":{"line":21,"column":4},"end":{"line":27,"column":5}},"type":"if","locations":[{"start":{"line":21,"column":4},"end":{"line":27,"column":5}}]},"1":{"loc":{"start":{"line":33,"column":4},"end":{"line":39,"column":5}},"type":"if","locations":[{"start":{"line":33,"column":4},"end":{"line":39,"column":5}},{"start":{"line":36,"column":11},"end":{"line":39,"column":5}}]},"2":{"loc":{"start":{"line":41,"column":23},"end":{"line":41,"column":55}},"type":"cond-expr","locations":[{"start":{"line":41,"column":40},"end":{"line":41,"column":51}},{"start":{"line":41,"column":54},"end":{"line":41,"column":55}}]},"3":{"loc":{"start":{"line":45,"column":20},"end":{"line":45,"column":57}},"type":"cond-expr","locations":[{"start":{"line":45,"column":37},"end":{"line":45,"column":45}},{"start":{"line":45,"column":48},"end":{"line":45,"column":57}}]}},"s":{"0":1,"1":1,"2":1,"3":1,"4":0,"5":0,"6":0,"7":0,"8":0,"9":0,"10":0,"11":0,"12":0,"13":0,"14":0,"15":0,"16":0,"17":0,"18":0,"19":0,"20":1},"f":{"0":0,"1":0,"2":0},"b":{"0":[0],"1":[0,0],"2":[0,0],"3":[0,0]}}
,"D:\\Workspace\\my-react-app\\src\\components\\PostForm\\index.tsx": {"path":"D:\\Workspace\\my-react-app\\src\\components\\PostForm\\index.tsx","statementMap":{"0":{"start":{"line":1,"column":0},"end":{"line":1,"column":8}},"1":{"start":{"line":1,"column":8},"end":{"line":1,"column":34}}},"fnMap":{"0":{"name":"(anonymous_0)","decl":{"start":{"line":1,"column":8},"end":{"line":1,"column":15}},"loc":{"start":{"line":1,"column":8},"end":{"line":1,"column":34}}}},"branchMap":{},"s":{"0":1,"1":4},"f":{"0":3},"b":{}}
,"D:\\Workspace\\my-react-app\\src\\components\\PostList\\PostList.tsx": {"path":"D:\\Workspace\\my-react-app\\src\\components\\PostList\\PostList.tsx","statementMap":{"0":{"start":{"line":1,"column":0},"end":{"line":1,"column":49}},"1":{"start":{"line":2,"column":0},"end":{"line":2,"column":49}},"2":{"start":{"line":3,"column":0},"end":{"line":3,"column":35}},"3":{"start":{"line":4,"column":0},"end":{"line":4,"column":59}},"4":{"start":{"line":5,"column":0},"end":{"line":5,"column":33}},"5":{"start":{"line":6,"column":0},"end":{"line":6,"column":35}},"6":{"start":{"line":7,"column":0},"end":{"line":7,"column":36}},"7":{"start":{"line":10,"column":27},"end":{"line":103,"column":1}},"8":{"start":{"line":11,"column":68},"end":{"line":11,"column":78}},"9":{"start":{"line":12,"column":40},"end":{"line":12,"column":55}},"10":{"start":{"line":13,"column":46},"end":{"line":13,"column":62}},"11":{"start":{"line":15,"column":60},"end":{"line":15,"column":75}},"12":{"start":{"line":17,"column":20},"end":{"line":19,"column":3}},"13":{"start":{"line":18,"column":4},"end":{"line":18,"column":25}},"14":{"start":{"line":21,"column":21},"end":{"line":24,"column":3}},"15":{"start":{"line":22,"column":4},"end":{"line":22,"column":33}},"16":{"start":{"line":23,"column":4},"end":{"line":23,"column":26}},"17":{"start":{"line":26,"column":29},"end":{"line":37,"column":3}},"18":{"start":{"line":27,"column":4},"end":{"line":27,"column":25}},"19":{"start":{"line":28,"column":4},"end":{"line":28,"column":33}},"20":{"start":{"line":28,"column":20},"end":{"line":28,"column":33}},"21":{"start":{"line":29,"column":4},"end":{"line":36,"column":7}},"22":{"start":{"line":39,"column":25},"end":{"line":43,"column":3}},"23":{"start":{"line":40,"column":4},"end":{"line":40,"column":33}},"24":{"start":{"line":41,"column":4},"end":{"line":41,"column":28}},"25":{"start":{"line":42,"column":4},"end":{"line":42,"column":16}},"26":{"start":{"line":45,"column":2},"end":{"line":102,"column":4}},"27":{"start":{"line":73,"column":33},"end":{"line":73,"column":54}},"28":{"start":{"line":91,"column":12},"end":{"line":97,"column":null}},"29":{"start":{"line":105,"column":0},"end":{"line":105,"column":24}}},"fnMap":{"0":{"name":"(anonymous_0)","decl":{"start":{"line":10,"column":27},"end":{"line":10,"column":30}},"loc":{"start":{"line":10,"column":32},"end":{"line":103,"column":1}}},"1":{"name":"(anonymous_1)","decl":{"start":{"line":17,"column":20},"end":{"line":17,"column":23}},"loc":{"start":{"line":17,"column":25},"end":{"line":19,"column":3}}},"2":{"name":"(anonymous_2)","decl":{"start":{"line":21,"column":21},"end":{"line":21,"column":24}},"loc":{"start":{"line":21,"column":26},"end":{"line":24,"column":3}}},"3":{"name":"(anonymous_3)","decl":{"start":{"line":26,"column":29},"end":{"line":26,"column":34}},"loc":{"start":{"line":26,"column":73},"end":{"line":37,"column":3}}},"4":{"name":"(anonymous_4)","decl":{"start":{"line":39,"column":25},"end":{"line":39,"column":26}},"loc":{"start":{"line":39,"column":40},"end":{"line":43,"column":3}}},"5":{"name":"(anonymous_5)","decl":{"start":{"line":73,"column":22},"end":{"line":73,"column":23}},"loc":{"start":{"line":73,"column":31},"end":{"line":73,"column":54}}},"6":{"name":"(anonymous_6)","decl":{"start":{"line":90,"column":22},"end":{"line":90,"column":23}},"loc":{"start":{"line":91,"column":12},"end":{"line":97,"column":null}}}},"branchMap":{"0":{"loc":{"start":{"line":28,"column":4},"end":{"line":28,"column":33}},"type":"if","locations":[{"start":{"line":28,"column":4},"end":{"line":28,"column":33}}]},"1":{"loc":{"start":{"line":31,"column":19},"end":{"line":35,"column":37}},"type":"cond-expr","locations":[{"start":{"line":32,"column":10},"end":{"line":32,"column":37}},{"start":{"line":33,"column":10},"end":{"line":35,"column":37}}]},"2":{"loc":{"start":{"line":33,"column":10},"end":{"line":35,"column":37}},"type":"cond-expr","locations":[{"start":{"line":34,"column":10},"end":{"line":34,"column":38}},{"start":{"line":35,"column":10},"end":{"line":35,"column":37}}]},"3":{"loc":{"start":{"line":57,"column":17},"end":{"line":57,"column":62}},"type":"cond-expr","locations":[{"start":{"line":57,"column":34},"end":{"line":57,"column":45}},{"start":{"line":57,"column":48},"end":{"line":57,"column":62}}]}},"s":{"0":1,"1":1,"2":1,"3":1,"4":1,"5":1,"6":1,"7":1,"8":3,"9":3,"10":3,"11":3,"12":3,"13":0,"14":3,"15":0,"16":0,"17":3,"18":0,"19":0,"20":0,"21":0,"22":3,"23":0,"24":0,"25":0,"26":3,"27":0,"28":2,"29":1},"f":{"0":3,"1":0,"2":0,"3":0,"4":0,"5":0,"6":2},"b":{"0":[0],"1":[0,0],"2":[0,0],"3":[0,3]}}
,"D:\\Workspace\\my-react-app\\src\\components\\PostList\\index.tsx": {"path":"D:\\Workspace\\my-react-app\\src\\components\\PostList\\index.tsx","statementMap":{"0":{"start":{"line":1,"column":0},"end":{"line":1,"column":8}},"1":{"start":{"line":1,"column":8},"end":{"line":1,"column":34}}},"fnMap":{"0":{"name":"(anonymous_0)","decl":{"start":{"line":1,"column":8},"end":{"line":1,"column":15}},"loc":{"start":{"line":1,"column":8},"end":{"line":1,"column":34}}}},"branchMap":{},"s":{"0":1,"1":2},"f":{"0":1},"b":{}}
,"D:\\Workspace\\my-react-app\\src\\hooks\\post.ts": {"path":"D:\\Workspace\\my-react-app\\src\\hooks\\post.ts","statementMap":{"0":{"start":{"line":1,"column":0},"end":{"line":1,"column":57}},"1":{"start":{"line":3,"column":0},"end":{"line":3,"column":null}},"2":{"start":{"line":11,"column":24},"end":{"line":39,"column":1}},"3":{"start":{"line":12,"column":28},"end":{"line":12,"column":48}},"4":{"start":{"line":13,"column":26},"end":{"line":13,"column":37}},"5":{"start":{"line":14,"column":42},"end":{"line":14,"column":57}},"6":{"start":{"line":15,"column":38},"end":{"line":15,"column":49}},"7":{"start":{"line":17,"column":27},"end":{"line":29,"column":5}},"8":{"start":{"line":18,"column":6},"end":{"line":28,"column":7}},"9":{"start":{"line":19,"column":8},"end":{"line":19,"column":30}},"10":{"start":{"line":20,"column":21},"end":{"line":20,"column":41}},"11":{"start":{"line":21,"column":8},"end":{"line":21,"column":22}},"12":{"start":{"line":22,"column":8},"end":{"line":22,"column":29}},"13":{"start":{"line":23,"column":8},"end":{"line":23,"column":34}},"14":{"start":{"line":25,"column":8},"end":{"line":25,"column":25}},"15":{"start":{"line":27,"column":8},"end":{"line":27,"column":31}},"16":{"start":{"line":30,"column":2},"end":{"line":30,"column":50}},"17":{"start":{"line":30,"column":19},"end":{"line":30,"column":40}},"18":{"start":{"line":32,"column":2},"end":{"line":38,"column":4}},"19":{"start":{"line":11,"column":13},"end":{"line":11,"column":24}},"20":{"start":{"line":41,"column":26},"end":{"line":58,"column":1}},"21":{"start":{"line":42,"column":36},"end":{"line":42,"column":51}},"22":{"start":{"line":44,"column":23},"end":{"line":55,"column":8}},"23":{"start":{"line":45,"column":4},"end":{"line":45,"column":23}},"24":{"start":{"line":46,"column":4},"end":{"line":54,"column":5}},"25":{"start":{"line":47,"column":23},"end":{"line":47,"column":45}},"26":{"start":{"line":48,"column":6},"end":{"line":48,"column":28}},"27":{"start":{"line":49,"column":6},"end":{"line":49,"column":22}},"28":{"start":{"line":51,"column":6},"end":{"line":51,"column":27}},"29":{"start":{"line":53,"column":6},"end":{"line":53,"column":26}},"30":{"start":{"line":57,"column":2},"end":{"line":57,"column":37}},"31":{"start":{"line":41,"column":13},"end":{"line":41,"column":26}},"32":{"start":{"line":60,"column":29},"end":{"line":79,"column":1}},"33":{"start":{"line":61,"column":36},"end":{"line":61,"column":51}},"34":{"start":{"line":63,"column":30},"end":{"line":73,"column":3}},"35":{"start":{"line":64,"column":4},"end":{"line":72,"column":5}},"36":{"start":{"line":65,"column":6},"end":{"line":65,"column":25}},"37":{"start":{"line":66,"column":19},"end":{"line":66,"column":42}},"38":{"start":{"line":67,"column":6},"end":{"line":67,"column":45}},"39":{"start":{"line":69,"column":6},"end":{"line":69,"column":46}},"40":{"start":{"line":71,"column":6},"end":{"line":71,"column":26}},"41":{"start":{"line":75,"column":2},"end":{"line":78,"column":4}},"42":{"start":{"line":60,"column":13},"end":{"line":60,"column":29}},"43":{"start":{"line":81,"column":29},"end":{"line":101,"column":1}},"44":{"start":{"line":82,"column":34},"end":{"line":82,"column":49}},"45":{"start":{"line":84,"column":23},"end":{"line":97,"column":null}},"46":{"start":{"line":86,"column":6},"end":{"line":86,"column":24}},"47":{"start":{"line":87,"column":6},"end":{"line":95,"column":7}},"48":{"start":{"line":88,"column":8},"end":{"line":88,"column":40}},"49":{"start":{"line":89,"column":8},"end":{"line":89,"column":51}},"50":{"start":{"line":90,"column":8},"end":{"line":90,"column":15}},"51":{"start":{"line":92,"column":8},"end":{"line":92,"column":45}},"52":{"start":{"line":94,"column":8},"end":{"line":94,"column":27}},"53":{"start":{"line":100,"column":2},"end":{"line":100,"column":36}},"54":{"start":{"line":81,"column":13},"end":{"line":81,"column":29}},"55":{"start":{"line":103,"column":29},"end":{"line":124,"column":1}},"56":{"start":{"line":104,"column":36},"end":{"line":104,"column":51}},"57":{"start":{"line":105,"column":36},"end":{"line":105,"column":51}},"58":{"start":{"line":107,"column":27},"end":{"line":117,"column":3}},"59":{"start":{"line":108,"column":4},"end":{"line":116,"column":5}},"60":{"start":{"line":109,"column":6},"end":{"line":109,"column":25}},"61":{"start":{"line":110,"column":6},"end":{"line":110,"column":27}},"62":{"start":{"line":111,"column":6},"end":{"line":111,"column":25}},"63":{"start":{"line":113,"column":6},"end":{"line":113,"column":23}},"64":{"start":{"line":115,"column":6},"end":{"line":115,"column":26}},"65":{"start":{"line":119,"column":2},"end":{"line":123,"column":4}},"66":{"start":{"line":103,"column":13},"end":{"line":103,"column":29}}},"fnMap":{"0":{"name":"(anonymous_0)","decl":{"start":{"line":11,"column":24},"end":{"line":11,"column":27}},"loc":{"start":{"line":11,"column":29},"end":{"line":39,"column":1}}},"1":{"name":"(anonymous_1)","decl":{"start":{"line":17,"column":27},"end":{"line":17,"column":32}},"loc":{"start":{"line":17,"column":50},"end":{"line":29,"column":5}}},"2":{"name":"(anonymous_2)","decl":{"start":{"line":30,"column":12},"end":{"line":30,"column":15}},"loc":{"start":{"line":30,"column":17},"end":{"line":30,"column":40}}},"3":{"name":"(anonymous_3)","decl":{"start":{"line":41,"column":26},"end":{"line":41,"column":29}},"loc":{"start":{"line":41,"column":31},"end":{"line":58,"column":1}}},"4":{"name":"(anonymous_4)","decl":{"start":{"line":44,"column":35},"end":{"line":44,"column":40}},"loc":{"start":{"line":44,"column":67},"end":{"line":55,"column":3}}},"5":{"name":"(anonymous_5)","decl":{"start":{"line":60,"column":29},"end":{"line":60,"column":32}},"loc":{"start":{"line":60,"column":34},"end":{"line":79,"column":1}}},"6":{"name":"(anonymous_6)","decl":{"start":{"line":63,"column":30},"end":{"line":63,"column":35}},"loc":{"start":{"line":63,"column":51},"end":{"line":73,"column":3}}},"7":{"name":"(anonymous_7)","decl":{"start":{"line":81,"column":29},"end":{"line":81,"column":32}},"loc":{"start":{"line":81,"column":34},"end":{"line":101,"column":1}}},"8":{"name":"(anonymous_8)","decl":{"start":{"line":85,"column":4},"end":{"line":85,"column":9}},"loc":{"start":{"line":85,"column":48},"end":{"line":96,"column":5}}},"9":{"name":"(anonymous_9)","decl":{"start":{"line":103,"column":29},"end":{"line":103,"column":32}},"loc":{"start":{"line":103,"column":34},"end":{"line":124,"column":1}}},"10":{"name":"(anonymous_10)","decl":{"start":{"line":107,"column":27},"end":{"line":107,"column":32}},"loc":{"start":{"line":107,"column":48},"end":{"line":117,"column":3}}}},"branchMap":{},"s":{"0":1,"1":1,"2":1,"3":3,"4":3,"5":3,"6":3,"7":3,"8":1,"9":1,"10":1,"11":1,"12":1,"13":1,"14":0,"15":1,"16":3,"17":1,"18":3,"19":1,"20":1,"21":0,"22":0,"23":0,"24":0,"25":0,"26":0,"27":0,"28":0,"29":0,"30":0,"31":1,"32":1,"33":3,"34":3,"35":0,"36":0,"37":0,"38":0,"39":0,"40":0,"41":3,"42":1,"43":1,"44":0,"45":0,"46":0,"47":0,"48":0,"49":0,"50":0,"51":0,"52":0,"53":0,"54":1,"55":1,"56":2,"57":2,"58":2,"59":0,"60":0,"61":0,"62":0,"63":0,"64":0,"65":2,"66":1},"f":{"0":3,"1":1,"2":1,"3":0,"4":0,"5":3,"6":0,"7":0,"8":0,"9":2,"10":0},"b":{}}
,"D:\\Workspace\\my-react-app\\src\\services\\apis\\posts.ts": {"path":"D:\\Workspace\\my-react-app\\src\\services\\apis\\posts.ts","statementMap":{"0":{"start":{"line":2,"column":0},"end":{"line":2,"column":26}},"1":{"start":{"line":4,"column":18},"end":{"line":4,"column":68}},"2":{"start":{"line":6,"column":24},"end":{"line":14,"column":1}},"3":{"start":{"line":7,"column":19},"end":{"line":12,"column":4}},"4":{"start":{"line":13,"column":2},"end":{"line":13,"column":23}},"5":{"start":{"line":6,"column":13},"end":{"line":6,"column":24}},"6":{"start":{"line":16,"column":24},"end":{"line":19,"column":1}},"7":{"start":{"line":17,"column":19},"end":{"line":17,"column":67}},"8":{"start":{"line":18,"column":2},"end":{"line":18,"column":23}},"9":{"start":{"line":16,"column":13},"end":{"line":16,"column":24}},"10":{"start":{"line":21,"column":29},"end":{"line":24,"column":1}},"11":{"start":{"line":22,"column":19},"end":{"line":22,"column":62}},"12":{"start":{"line":23,"column":2},"end":{"line":23,"column":23}},"13":{"start":{"line":21,"column":13},"end":{"line":21,"column":29}},"14":{"start":{"line":26,"column":26},"end":{"line":30,"column":1}},"15":{"start":{"line":27,"column":19},"end":{"line":27,"column":65}},"16":{"start":{"line":28,"column":2},"end":{"line":28,"column":null}},"17":{"start":{"line":29,"column":2},"end":{"line":29,"column":23}},"18":{"start":{"line":26,"column":13},"end":{"line":26,"column":26}},"19":{"start":{"line":33,"column":29},"end":{"line":37,"column":1}},"20":{"start":{"line":34,"column":19},"end":{"line":34,"column":null}},"21":{"start":{"line":36,"column":2},"end":{"line":36,"column":23}},"22":{"start":{"line":33,"column":13},"end":{"line":33,"column":29}}},"fnMap":{"0":{"name":"(anonymous_0)","decl":{"start":{"line":6,"column":24},"end":{"line":6,"column":29}},"loc":{"start":{"line":6,"column":74},"end":{"line":14,"column":1}}},"1":{"name":"(anonymous_1)","decl":{"start":{"line":16,"column":24},"end":{"line":16,"column":29}},"loc":{"start":{"line":16,"column":58},"end":{"line":19,"column":1}}},"2":{"name":"(anonymous_2)","decl":{"start":{"line":21,"column":29},"end":{"line":21,"column":34}},"loc":{"start":{"line":21,"column":64},"end":{"line":24,"column":1}}},"3":{"name":"(anonymous_3)","decl":{"start":{"line":26,"column":26},"end":{"line":26,"column":31}},"loc":{"start":{"line":26,"column":47},"end":{"line":30,"column":1}}},"4":{"name":"(anonymous_4)","decl":{"start":{"line":33,"column":29},"end":{"line":33,"column":34}},"loc":{"start":{"line":33,"column":75},"end":{"line":37,"column":1}}}},"branchMap":{},"s":{"0":1,"1":1,"2":1,"3":1,"4":1,"5":1,"6":1,"7":0,"8":0,"9":1,"10":1,"11":0,"12":0,"13":1,"14":1,"15":0,"16":0,"17":0,"18":1,"19":1,"20":0,"21":0,"22":1},"f":{"0":1,"1":0,"2":0,"3":0,"4":0},"b":{}}
,"D:\\Workspace\\my-react-app\\src\\services\\mocks\\posts.ts": {"path":"D:\\Workspace\\my-react-app\\src\\services\\mocks\\posts.ts","statementMap":{"0":{"start":{"line":1,"column":13},"end":{"line":15,"column":5}}},"fnMap":{},"branchMap":{},"s":{"0":1},"f":{},"b":{}}
}
